<?xml version="1.0" encoding="UTF-8"?>
<!-- Generated by org.testng.reporters.JUnitReportReporter -->
<testsuite skipped="0" hostname="apples-MacBook-Air.local" name="TestCases.GroupTest" tests="3" failures="0" timestamp="2022-10-29T06:37:59 IST" time="18.985" errors="0">
  <testcase name="loginToApp1Test" time="4.614" classname="TestCases.GroupTest"/>
  <system-out/>
  <testcase name="verifyUrlTest" time="3.864" classname="TestCases.GroupTest"/>
  <system-out/>
  <testcase name="verifyBotLogoTest" time="10.507" classname="TestCases.GroupTest"/>
  <system-out/>
</testsuite> <!-- TestCases.GroupTest -->
